\BOOKMARK [0][-]{chapter.1}{\376\377\000I\000n\000t\000r\000o\000d\000u\000c\000c\000i\000\363\000\040\000i\000\040\000C\000o\000n\000t\000e\000x\000t}{}% 1
\BOOKMARK [1][-]{section.1.1}{\376\377\000C\000o\000n\000t\000e\000x\000t\000\040\000d\000e\000l\000\040\000p\000r\000o\000j\000e\000c\000t\000e}{chapter.1}% 2
\BOOKMARK [1][-]{section.1.2}{\376\377\000I\000d\000e\000n\000t\000i\000f\000i\000c\000a\000c\000i\000\363\000\040\000d\000e\000l\000\040\000p\000r\000o\000b\000l\000e\000m\000a\000\040\000i\000\040\000m\000o\000t\000i\000v\000a\000c\000i\000\363}{chapter.1}% 3
\BOOKMARK [1][-]{section.1.3}{\376\377\000E\000s\000t\000a\000t\000\040\000d\000e\000\040\000l\000'\000a\000r\000t\000\040\000i\000\040\000a\000l\000t\000e\000r\000n\000a\000t\000i\000v\000e\000s\000\040\000e\000x\000i\000s\000t\000e\000n\000t\000s}{chapter.1}% 4
\BOOKMARK [2][-]{subsection.1.3.1}{\376\377\000E\000s\000t\000a\000t\000\040\000d\000e\000\040\000l\000'\000a\000r\000t}{section.1.3}% 5
\BOOKMARK [2][-]{subsection.1.3.2}{\376\377\000T\000a\000u\000l\000a\000\040\000c\000o\000m\000p\000a\000r\000a\000t\000i\000v\000a}{section.1.3}% 6
\BOOKMARK [1][-]{section.1.4}{\376\377\000S\000o\000l\000u\000c\000i\000\363\000\040\000p\000r\000o\000p\000o\000s\000a\000d\000a\000\040\000i\000\040\000v\000a\000l\000o\000r\000\040\000a\000f\000e\000g\000i\000t}{chapter.1}% 7
\BOOKMARK [1][-]{section.1.5}{\376\377\000O\000b\000j\000e\000c\000t\000i\000u\000s\000\040\000d\000e\000l\000\040\000p\000r\000o\000j\000e\000c\000t\000e}{chapter.1}% 8
\BOOKMARK [2][-]{subsection.1.5.1}{\376\377\000O\000b\000j\000e\000c\000t\000i\000u\000\040\000g\000e\000n\000e\000r\000a\000l}{section.1.5}% 9
\BOOKMARK [2][-]{subsection.1.5.2}{\376\377\000O\000b\000j\000e\000c\000t\000i\000u\000s\000\040\000e\000s\000p\000e\000c\000\355\000f\000i\000c\000s}{section.1.5}% 10
\BOOKMARK [1][-]{section.1.6}{\376\377\000A\000b\000a\000s\000t\000\040\000i\000\040\000O\000b\000s\000t\000a\000c\000l\000e\000s}{chapter.1}% 11
\BOOKMARK [2][-]{subsection.1.6.1}{\376\377\000A\000b\000a\000s\000t\000\040\000f\000u\000n\000c\000i\000o\000n\000a\000l}{section.1.6}% 12
\BOOKMARK [2][-]{subsection.1.6.2}{\376\377\000O\000b\000s\000t\000a\000c\000l\000e\000s\000\040\000d\000e\000t\000e\000c\000t\000a\000t\000s}{section.1.6}% 13
\BOOKMARK [1][-]{section.1.7}{\376\377\000A\000c\000t\000o\000r\000s\000\040\000i\000m\000p\000l\000i\000c\000a\000t\000s\000\040\000\050\000S\000t\000a\000k\000e\000h\000o\000l\000d\000e\000r\000s\000\051}{chapter.1}% 14
\BOOKMARK [0][-]{chapter.2}{\376\377\000G\000e\000s\000t\000i\000\363\000\040\000d\000e\000l\000\040\000p\000r\000o\000j\000e\000c\000t\000e}{}% 15
\BOOKMARK [1][-]{section.2.1}{\376\377\000M\000e\000t\000o\000d\000o\000l\000o\000g\000i\000a\000\040\000i\000\040\000e\000i\000n\000e\000s\000\040\000d\000e\000\040\000t\000r\000e\000b\000a\000l\000l}{chapter.2}% 16
\BOOKMARK [1][-]{section.2.2}{\376\377\000P\000l\000a\000n\000i\000f\000i\000c\000a\000c\000i\000\363\000\040\000t\000e\000m\000p\000o\000r\000a\000l}{chapter.2}% 17
\BOOKMARK [2][-]{subsection.2.2.1}{\376\377\000D\000e\000s\000c\000r\000i\000p\000c\000i\000\363\000\040\000d\000e\000\040\000l\000e\000s\000\040\000f\000a\000s\000e\000s\000\040\000i\000\040\000t\000a\000s\000q\000u\000e\000s}{section.2.2}% 18
\BOOKMARK [2][-]{subsection.2.2.2}{\376\377\000R\000e\000c\000u\000r\000s\000o\000s\000\040\000i\000d\000e\000n\000t\000i\000f\000i\000c\000a\000t\000s}{section.2.2}% 19
\BOOKMARK [2][-]{subsection.2.2.3}{\376\377\000E\000s\000t\000i\000m\000a\000c\000i\000\363\000\040\000d\000'\000h\000o\000r\000e\000s\000\040\000i\000\040\000D\000i\000a\000g\000r\000a\000m\000a\000\040\000d\000e\000\040\000G\000a\000n\000t\000t}{section.2.2}% 20
\BOOKMARK [2][-]{subsection.2.2.4}{\376\377\000G\000e\000s\000t\000i\000\363\000\040\000d\000e\000l\000\040\000r\000i\000s\000c\000\040\000i\000\040\000d\000e\000s\000v\000i\000a\000c\000i\000o\000n\000s\000\040\000r\000e\000a\000l\000s}{section.2.2}% 21
\BOOKMARK [1][-]{section.2.3}{\376\377\000A\000n\000\340\000l\000i\000s\000i\000\040\000e\000c\000o\000n\000\362\000m\000i\000c\000a}{chapter.2}% 22
\BOOKMARK [2][-]{subsection.2.3.1}{\376\377\000C\000o\000s\000t\000o\000s\000\040\000d\000e\000\040\000p\000e\000r\000s\000o\000n\000a\000l}{section.2.3}% 23
\BOOKMARK [2][-]{subsection.2.3.2}{\376\377\000C\000o\000s\000t\000o\000s\000\040\000t\000o\000t\000a\000l\000s\000\040\000i\000\040\000c\000o\000n\000t\000r\000o\000l\000\040\000d\000e\000\040\000g\000e\000s\000t\000i\000\363}{section.2.3}% 24
\BOOKMARK [1][-]{section.2.4}{\376\377\000I\000n\000f\000o\000r\000m\000e\000\040\000d\000e\000\040\000s\000o\000s\000t\000e\000n\000i\000b\000i\000l\000i\000t\000a\000t}{chapter.2}% 25
\BOOKMARK [0][-]{chapter.3}{\376\377\000E\000s\000p\000e\000c\000i\000f\000i\000c\000a\000c\000i\000\363\000\040\000d\000e\000\040\000R\000e\000q\000u\000i\000s\000i\000t\000s}{}% 26
\BOOKMARK [1][-]{section.3.1}{\376\377\000M\000e\000t\000o\000d\000o\000l\000o\000g\000i\000a\000\040\000d\000'\000e\000x\000t\000r\000a\000c\000c\000i\000\363\000\040\000d\000e\000\040\000r\000e\000q\000u\000i\000s\000i\000t\000s}{chapter.3}% 27
\BOOKMARK [1][-]{section.3.2}{\376\377\000I\000d\000e\000n\000t\000i\000f\000i\000c\000a\000c\000i\000\363\000\040\000d\000'\000a\000c\000t\000o\000r\000s}{chapter.3}% 28
\BOOKMARK [1][-]{section.3.3}{\376\377\000H\000i\000s\000t\000\362\000r\000i\000e\000s\000\040\000d\000'\000U\000s\000u\000a\000r\000i\000\040\000\050\000U\000s\000e\000r\000\040\000S\000t\000o\000r\000i\000e\000s\000\051}{chapter.3}% 29
\BOOKMARK [2][-]{subsection.3.3.1}{\376\377\000M\000\362\000d\000u\000l\000\040\000d\000e\000\040\000V\000i\000s\000u\000a\000l\000i\000t\000z\000a\000c\000i\000\363}{section.3.3}% 30
\BOOKMARK [2][-]{subsection.3.3.2}{\376\377\000M\000\362\000d\000u\000l\000\040\000d\000e\000\040\000C\000o\000n\000f\000i\000g\000u\000r\000a\000c\000i\000\363\000\040\000\050\000S\000c\000h\000e\000m\000a\000-\000D\000r\000i\000v\000e\000n\000\051}{section.3.3}% 31
\BOOKMARK [1][-]{section.3.4}{\376\377\000R\000e\000q\000u\000i\000s\000i\000t\000s\000\040\000F\000u\000n\000c\000i\000o\000n\000a\000l\000s\000\040\000\050\000R\000F\000\051}{chapter.3}% 32
\BOOKMARK [2][-]{subsection.3.4.1}{\376\377\000R\000F\000-\0001\000:\000\040\000G\000e\000s\000t\000i\000\363\000\040\000d\000e\000\040\000l\000'\000A\000c\000c\000\351\000s\000\040\000i\000\040\000S\000e\000g\000u\000r\000e\000t\000a\000t}{section.3.4}% 33
\BOOKMARK [2][-]{subsection.3.4.2}{\376\377\000R\000F\000-\0002\000:\000\040\000V\000i\000s\000u\000a\000l\000i\000t\000z\000a\000c\000i\000\363\000\040\000M\000u\000l\000t\000i\000m\000\350\000d\000i\000a}{section.3.4}% 34
\BOOKMARK [2][-]{subsection.3.4.3}{\376\377\000R\000F\000-\0003\000:\000\040\000M\000o\000t\000o\000r\000\040\000d\000e\000\040\000C\000o\000n\000f\000i\000g\000u\000r\000a\000c\000i\000\363\000\040\000D\000i\000n\000\340\000m\000i\000c\000a}{section.3.4}% 35
\BOOKMARK [1][-]{section.3.5}{\376\377\000R\000e\000q\000u\000i\000s\000i\000t\000s\000\040\000N\000o\000\040\000F\000u\000n\000c\000i\000o\000n\000a\000l\000s\000\040\000\050\000R\000N\000F\000\051}{chapter.3}% 36
\BOOKMARK [2][-]{subsection.3.5.1}{\376\377\000R\000N\000F\000-\0001\000:\000\040\000R\000e\000n\000d\000i\000m\000e\000n\000t\000\040\000i\000\040\000E\000f\000i\000c\000i\000\350\000n\000c\000i\000a}{section.3.5}% 37
\BOOKMARK [2][-]{subsection.3.5.2}{\376\377\000R\000N\000F\000-\0002\000:\000\040\000R\000o\000b\000u\000s\000t\000e\000s\000a\000\040\000i\000\040\000D\000i\000s\000p\000o\000n\000i\000b\000i\000l\000i\000t\000a\000t}{section.3.5}% 38
\BOOKMARK [2][-]{subsection.3.5.3}{\376\377\000R\000N\000F\000-\0003\000:\000\040\000C\000o\000m\000p\000a\000t\000i\000b\000i\000l\000i\000t\000a\000t\000\040\000i\000\040\000P\000o\000r\000t\000a\000b\000i\000l\000i\000t\000a\000t}{section.3.5}% 39
\BOOKMARK [1][-]{section.3.6}{\376\377\000C\000a\000s\000o\000s\000\040\000d\000'\000\332\000s\000\040\000d\000e\000t\000a\000l\000l\000a\000'\000t\000s}{chapter.3}% 40
\BOOKMARK [2][-]{subsection.3.6.1}{\376\377\000U\000C\000-\0000\0001\000:\000\040\000G\000e\000s\000t\000i\000\363\000\040\000d\000e\000\040\000l\000'\000a\000c\000t\000u\000a\000l\000i\000t\000z\000a\000c\000i\000\363\000\040\000d\000e\000\040\000f\000i\000r\000m\000w\000a\000r\000e}{section.3.6}% 41
\BOOKMARK [2][-]{subsection.3.6.2}{\376\377\000U\000C\000-\0000\0002\000:\000\040\000C\000o\000n\000s\000u\000l\000t\000a\000\040\000d\000e\000\040\000g\000r\000a\000v\000a\000c\000i\000o\000n\000s\000\040\000m\000i\000t\000j\000a\000n\000\347\000a\000n\000t\000\040\000T\000i\000m\000e\000l\000i\000n\000e}{section.3.6}% 42
\BOOKMARK [1][-]{section.3.7}{\376\377\000R\000e\000s\000t\000r\000i\000c\000c\000i\000o\000n\000s\000\040\000d\000e\000l\000\040\000s\000i\000s\000t\000e\000m\000a}{chapter.3}% 43
\BOOKMARK [0][-]{chapter.4}{\376\377\000A\000r\000q\000u\000i\000t\000e\000c\000t\000u\000r\000a\000\040\000i\000\040\000D\000i\000s\000s\000e\000n\000y}{}% 44
\BOOKMARK [1][-]{section.4.1}{\376\377\000A\000r\000q\000u\000i\000t\000e\000c\000t\000u\000r\000a\000\040\000G\000l\000o\000b\000a\000l\000\040\000d\000e\000l\000\040\000S\000i\000s\000t\000e\000m\000a}{chapter.4}% 45
\BOOKMARK [2][-]{subsection.4.1.1}{\376\377\000C\000a\000p\000a\000\040\000d\000e\000\040\000c\000o\000m\000u\000n\000i\000c\000a\000c\000i\000\363\000\040\000i\000\040\000M\000i\000c\000r\000o\000s\000e\000r\000v\000e\000i\000s}{section.4.1}% 46
\BOOKMARK [1][-]{section.4.2}{\376\377\000D\000i\000s\000s\000e\000n\000y\000\040\000d\000e\000l\000\040\000F\000r\000o\000n\000t\000e\000n\000d\000\040\000\050\000A\000n\000g\000u\000l\000a\000r\000\040\0001\0009\000\051}{chapter.4}% 47
\BOOKMARK [2][-]{subsection.4.2.1}{\376\377\000A\000r\000q\000u\000i\000t\000e\000c\000t\000u\000r\000a\000\040\000M\000o\000d\000u\000l\000a\000r\000\040\000i\000\040\000S\000t\000a\000n\000d\000a\000l\000o\000n\000e\000\040\000C\000o\000m\000p\000o\000n\000e\000n\000t\000s}{section.4.2}% 48
\BOOKMARK [2][-]{subsection.4.2.2}{\376\377\000G\000e\000s\000t\000i\000\363\000\040\000d\000e\000\040\000l\000'\000E\000s\000t\000a\000t\000\040\000a\000m\000b\000\040\000A\000n\000g\000u\000l\000a\000r\000\040\000S\000i\000g\000n\000a\000l\000s}{section.4.2}% 49
\BOOKMARK [1][-]{section.4.3}{\376\377\000E\000l\000\040\000M\000o\000t\000o\000r\000\040\000S\000c\000h\000e\000m\000a\000-\000D\000r\000i\000v\000e\000n}{chapter.4}% 50
\BOOKMARK [2][-]{subsection.4.3.1}{\376\377\000L\000\362\000g\000i\000c\000a\000\040\000d\000e\000\040\000f\000u\000n\000c\000i\000o\000n\000a\000m\000e\000n\000t}{section.4.3}% 51
\BOOKMARK [1][-]{section.4.4}{\376\377\000D\000i\000s\000s\000e\000n\000y\000\040\000d\000e\000\040\000l\000a\000\040\000P\000e\000r\000s\000i\000s\000t\000\350\000n\000c\000i\000a\000\040\000i\000\040\000d\000a\000d\000e\000s}{chapter.4}% 52
\BOOKMARK [0][-]{chapter.5}{\376\377\000I\000m\000p\000l\000e\000m\000e\000n\000t\000a\000c\000i\000\363}{}% 53
\BOOKMARK [1][-]{section.5.1}{\376\377\000E\000n\000t\000o\000r\000n\000\040\000d\000e\000\040\000d\000e\000s\000e\000n\000v\000o\000l\000u\000p\000a\000m\000e\000n\000t\000\040\000i\000\040\000t\000e\000c\000n\000o\000l\000o\000g\000i\000e\000s}{chapter.5}% 54
\BOOKMARK [1][-]{section.5.2}{\376\377\000M\000\362\000d\000u\000l\000\040\000d\000'\000A\000u\000t\000e\000n\000t\000i\000c\000a\000c\000i\000\363\000\040\000i\000\040\000C\000o\000r\000e}{chapter.5}% 55
\BOOKMARK [2][-]{subsection.5.2.1}{\376\377\000P\000r\000o\000t\000e\000c\000c\000i\000\363\000\040\000d\000e\000\040\000r\000u\000t\000e\000s\000\040\000i\000\040\000R\000e\000s\000o\000l\000v\000e\000r\000s}{section.5.2}% 56
\BOOKMARK [1][-]{section.5.3}{\376\377\000I\000m\000p\000l\000e\000m\000e\000n\000t\000a\000c\000i\000\363\000\040\000d\000e\000l\000\040\000M\000o\000t\000o\000r\000\040\000S\000c\000h\000e\000m\000a\000-\000D\000r\000i\000v\000e\000n}{chapter.5}% 57
\BOOKMARK [2][-]{subsection.5.3.1}{\376\377\000E\000l\000\040\000c\000o\000m\000p\000o\000n\000e\000n\000t\000\040\000g\000e\000n\000\350\000r\000i\000c\000\040\000d\000e\000\040\000c\000o\000n\000f\000i\000g\000u\000r\000a\000c\000i\000\363}{section.5.3}% 58
\BOOKMARK [1][-]{section.5.4}{\376\377\000V\000i\000s\000u\000a\000l\000i\000t\000z\000a\000c\000i\000\363\000\040\000d\000e\000\040\000V\000\355\000d\000e\000o\000\040\000e\000n\000\040\000T\000e\000m\000p\000s\000\040\000R\000e\000a\000l\000\040\000\050\000W\000e\000b\000R\000T\000C\000\051}{chapter.5}% 59
\BOOKMARK [2][-]{subsection.5.4.1}{\376\377\000N\000e\000g\000o\000c\000i\000a\000c\000i\000\363\000\040\000S\000D\000P\000\040\000i\000\040\000i\000n\000t\000e\000r\000c\000a\000n\000v\000i\000\040\000d\000e\000\040\000c\000a\000n\000d\000i\000d\000a\000t\000s}{section.5.4}% 60
\BOOKMARK [1][-]{section.5.5}{\376\377\000S\000i\000s\000t\000e\000m\000a\000\040\000d\000'\000A\000l\000a\000r\000m\000e\000s\000\040\000i\000\040\000C\000o\000m\000u\000n\000i\000c\000a\000c\000i\000\363\000\040\000a\000s\000\355\000n\000c\000r\000o\000n\000a}{chapter.5}% 61
\BOOKMARK [1][-]{section.5.6}{\376\377\000M\000\362\000d\000u\000l\000\040\000d\000e\000\040\000M\000a\000n\000t\000e\000n\000i\000m\000e\000n\000t\000\040\000i\000\040\000L\000o\000g\000s}{chapter.5}% 62
\BOOKMARK [0][-]{chapter.6}{\376\377\000V\000a\000l\000i\000d\000a\000c\000i\000\363\000\040\000i\000\040\000P\000r\000o\000v\000e\000s}{}% 63
\BOOKMARK [1][-]{section.6.1}{\376\377\000E\000s\000t\000r\000a\000t\000\350\000g\000i\000a\000\040\000d\000e\000\040\000p\000r\000o\000v\000e\000s}{chapter.6}% 64
\BOOKMARK [1][-]{section.6.2}{\376\377\000P\000r\000o\000v\000e\000s\000\040\000U\000n\000i\000t\000\340\000r\000i\000e\000s\000\040\000i\000\040\000d\000e\000\040\000L\000\362\000g\000i\000c\000a}{chapter.6}% 65
\BOOKMARK [2][-]{subsection.6.2.1}{\376\377\000V\000a\000l\000i\000d\000a\000c\000i\000\363\000\040\000d\000e\000l\000\040\000P\000a\000r\000s\000e\000r\000\040\000d\000e\000\040\000m\000e\000t\000a\000d\000a\000d\000e\000s}{section.6.2}% 66
\BOOKMARK [1][-]{section.6.3}{\376\377\000R\000e\000s\000u\000l\000t\000a\000t\000s\000\040\000d\000e\000\040\000r\000e\000n\000d\000i\000m\000e\000n\000t\000\040\000i\000\040\000l\000a\000t\000\350\000n\000c\000i\000a}{chapter.6}% 67
\BOOKMARK [1][-]{section.6.4}{\376\377\000P\000r\000o\000v\000e\000s\000\040\000d\000e\000\040\000R\000o\000b\000u\000s\000t\000e\000s\000a\000\040\000i\000\040\000C\000o\000m\000u\000n\000i\000c\000a\000c\000i\000\363\000\040\000a\000s\000\355\000n\000c\000r\000o\000n\000a}{chapter.6}% 68
\BOOKMARK [2][-]{subsection.6.4.1}{\376\377\000E\000s\000c\000e\000n\000a\000r\000i\000\040\000d\000e\000\040\000t\000a\000l\000l\000\040\000d\000e\000\040\000c\000o\000n\000n\000e\000c\000t\000i\000v\000i\000t\000a\000t}{section.6.4}% 69
\BOOKMARK [1][-]{section.6.5}{\376\377\000V\000a\000l\000i\000d\000a\000c\000i\000\363\000\040\000d\000'\000A\000c\000c\000e\000p\000t\000a\000c\000i\000\363\000\040\000\050\000U\000A\000T\000\051}{chapter.6}% 70
\BOOKMARK [0][-]{chapter.7}{\376\377\000C\000o\000n\000c\000l\000u\000s\000i\000o\000n\000s\000\040\000i\000\040\000T\000r\000e\000b\000a\000l\000l\000\040\000F\000u\000t\000u\000r}{}% 71
\BOOKMARK [1][-]{section.7.1}{\376\377\000A\000s\000s\000o\000l\000i\000m\000e\000n\000t\000\040\000d\000e\000l\000s\000\040\000o\000b\000j\000e\000c\000t\000i\000u\000s}{chapter.7}% 72
\BOOKMARK [1][-]{section.7.2}{\376\377\000T\000r\000e\000b\000a\000l\000l\000\040\000f\000u\000t\000u\000r}{chapter.7}% 73
\BOOKMARK [1][-]{section.7.3}{\376\377\000C\000o\000n\000c\000l\000u\000s\000i\000o\000n\000s\000\040\000p\000e\000r\000s\000o\000n\000a\000l\000s}{chapter.7}% 74
\BOOKMARK [0][-]{appendix.A}{\376\377\000A\000n\000n\000e\000x\000o\000s}{}% 75
